<?xml version="1.0" encoding="UTF-8"?>
<!-- Generated by org.testng.reporters.JUnitXMLReporter -->
<testsuite hostname="user-PC" ignored="1" name="Test" tests="2" failures="0" timestamp="22 Jun 2021 14:18:25 GMT" time="57.743" errors="0">
  <testcase name="addNewTask" time="19.706" classname="modules.TasksModules"/>
  <testcase name="mylogin2" time="13.122" classname="modules.Login"/>
  <testcase name="mylogin" time="0.0" classname="modules.Login">
    <ignored/>
  </testcase> <!-- mylogin -->
</testsuite> <!-- Test -->
